<?xml version="1.0" encoding="UTF-8"?>
<testExecutions version="1">
    <file path="/home/fabianolv/workspace/safira-frontend/src/App.test.js">
        <testCase name="renders learn react link" duration="42">
            <failure message="TestingLibraryElementError: Unable to find an element with the text: /learn react/i. This could be because the text is broken up by multiple elements. In this case, you can provide a function for your text matcher to make your matcher more flexible."><![CDATA[TestingLibraryElementError: Unable to find an element with the text: /learn react/i. This could be because the text is broken up by multiple elements. In this case, you can provide a function for your text matcher to make your matcher more flexible.

<body>
  <div>
    <div
      id="app"
    >
      <aside>
        <form>
          <div
            class="input-block"
          >
            <label>
              First Name
            </label>
            <input
              type="text"
              value=""
            />
          </div>
          <div
            class="input-block"
          >
            <label>
              Last Name
            </label>
            <input
              type="text"
              value=""
            />
          </div>
          <div
            class="input-block"
          >
            <label>
              Birthday
            </label>
            <input
              type="date"
              value=""
            />
          </div>
          <button
            type="submit"
          >
            Cadastrar
          </button>
        </form>
      </aside>
      <main>
        <ul />
      </main>
    </div>
  </div>
</body>
    at Object.getElementError (/home/fabianolv/workspace/safira-frontend/node_modules/@testing-library/dom/dist/config.js:37:19)
    at /home/fabianolv/workspace/safira-frontend/node_modules/@testing-library/dom/dist/query-helpers.js:90:38
    at /home/fabianolv/workspace/safira-frontend/node_modules/@testing-library/dom/dist/query-helpers.js:62:17
    at getByText (/home/fabianolv/workspace/safira-frontend/node_modules/@testing-library/dom/dist/query-helpers.js:106:19)
    at Object.<anonymous> (/home/fabianolv/workspace/safira-frontend/src/App.test.js:6:30)
    at Promise.then.completed (/home/fabianolv/workspace/safira-frontend/node_modules/jest-circus/build/utils.js:276:28)
    at new Promise (<anonymous>)
    at callAsyncCircusFn (/home/fabianolv/workspace/safira-frontend/node_modules/jest-circus/build/utils.js:216:10)
    at _callCircusTest (/home/fabianolv/workspace/safira-frontend/node_modules/jest-circus/build/run.js:212:40)
    at processTicksAndRejections (internal/process/task_queues.js:93:5)
    at _runTest (/home/fabianolv/workspace/safira-frontend/node_modules/jest-circus/build/run.js:149:3)
    at _runTestsForDescribeBlock (/home/fabianolv/workspace/safira-frontend/node_modules/jest-circus/build/run.js:63:9)
    at run (/home/fabianolv/workspace/safira-frontend/node_modules/jest-circus/build/run.js:25:3)
    at runAndTransformResultsToJestFormat (/home/fabianolv/workspace/safira-frontend/node_modules/jest-circus/build/legacy-code-todo-rewrite/jestAdapterInit.js:176:21)
    at jestAdapter (/home/fabianolv/workspace/safira-frontend/node_modules/jest-circus/build/legacy-code-todo-rewrite/jestAdapter.js:109:19)
    at runTestInternal (/home/fabianolv/workspace/safira-frontend/node_modules/jest-runner/build/runTest.js:380:16)
    at runTest (/home/fabianolv/workspace/safira-frontend/node_modules/jest-runner/build/runTest.js:472:34)
    at Object.worker (/home/fabianolv/workspace/safira-frontend/node_modules/jest-runner/build/testWorker.js:133:12)]]></failure>
        </testCase>
    </file>
</testExecutions>